<?xml version="1.0" encoding="UTF-8"?>
<robot generator="Robot 6.1.1 (Python 3.11.4 on win32)" generated="20231106 19:49:04.877" rpa="false" schemaversion="4">
<suite id="s1" name="Proj1" source="E:\KODLAMA_ILE_ILGILI\Python\RobotFrameWork\robot framework image comperasion\proj1">
<suite id="s1-s1" name="Image Comperasion" source="E:\KODLAMA_ILE_ILGILI\Python\RobotFrameWork\robot framework image comperasion\proj1\image_comperasion.robot">
<test id="s1-s1-t1" name="Aç Web Sitesi-2" line="16">
<kw name="Delete Image Files in directory" library="Test1">
<arg>${OUTPUTDIR}/images/</arg>
<status status="PASS" starttime="20231106 19:49:05.339" endtime="20231106 19:49:05.339"/>
</kw>
<kw name="Select File">
<kw name="Open Browser" library="SeleniumLibrary">
<arg>https://www.iloveimg.com/photo-editor</arg>
<arg>chrome</arg>
<doc>Opens a new browser instance to the optional ``url``.</doc>
<msg timestamp="20231106 19:49:05.339" level="INFO">Opening browser 'chrome' to base url 'https://www.iloveimg.com/photo-editor'.</msg>
<status status="PASS" starttime="20231106 19:49:05.339" endtime="20231106 19:49:08.397"/>
</kw>
<kw name="Maximize Browser Window" library="SeleniumLibrary">
<doc>Maximizes current browser window.</doc>
<status status="PASS" starttime="20231106 19:49:08.398" endtime="20231106 19:49:08.523"/>
</kw>
<kw name="Choose File" library="SeleniumLibrary">
<arg>//input[@id='fileUpload']</arg>
<arg>E:/KODLAMA_ILE_ILGILI/Python/RobotFrameWork/robot framework image comperasion/proj1/img/img.png</arg>
<doc>Inputs the ``file_path`` into the file input field ``locator``.</doc>
<msg timestamp="20231106 19:49:08.523" level="INFO">Sending E:\KODLAMA_ILE_ILGILI\Python\RobotFrameWork\robot framework image comperasion\proj1\img\img.png to browser.</msg>
<status status="PASS" starttime="20231106 19:49:08.523" endtime="20231106 19:49:08.656"/>
</kw>
<kw name="Sleep" library="BuiltIn">
<arg>2</arg>
<doc>Pauses the test executed for the given time.</doc>
<msg timestamp="20231106 19:49:10.656" level="INFO">Slept 2 seconds</msg>
<status status="PASS" starttime="20231106 19:49:08.656" endtime="20231106 19:49:10.656"/>
</kw>
<status status="PASS" starttime="20231106 19:49:05.339" endtime="20231106 19:49:10.656"/>
</kw>
<kw name="Sleep" library="BuiltIn">
<arg>10</arg>
<doc>Pauses the test executed for the given time.</doc>
<msg timestamp="20231106 19:49:20.658" level="INFO">Slept 10 seconds</msg>
<status status="PASS" starttime="20231106 19:49:10.657" endtime="20231106 19:49:20.658"/>
</kw>
<kw name="Save Img To File">
<arg>filebefore.png</arg>
<kw name="Log To Console" library="BuiltIn">
<arg>${OUTPUTDIR}\\images\\${filename}</arg>
<doc>Logs the given message to the console.</doc>
<status status="PASS" starttime="20231106 19:49:20.658" endtime="20231106 19:49:20.658"/>
</kw>
<kw name="Capture Element Screenshot" library="SeleniumLibrary">
<arg>${IMG}</arg>
<arg>${OUTPUTDIR}\\images\\${filename}</arg>
<doc>Captures a screenshot from the element identified by ``locator`` and embeds it into log file.</doc>
<msg timestamp="20231106 19:49:20.996" level="INFO" html="true">&lt;/td&gt;&lt;/tr&gt;&lt;tr&gt;&lt;td colspan="3"&gt;&lt;a href="images/filebefore.png"&gt;&lt;img src="images/filebefore.png" width="400px"&gt;&lt;/a&gt;</msg>
<status status="PASS" starttime="20231106 19:49:20.658" endtime="20231106 19:49:20.996"/>
</kw>
<status status="PASS" starttime="20231106 19:49:20.658" endtime="20231106 19:49:20.996"/>
</kw>
<kw name="Rotate">
<kw name="Click Element" library="SeleniumLibrary">
<arg>${TRANSFORM_BUTTON}</arg>
<doc>Click the element identified by ``locator``.</doc>
<msg timestamp="20231106 19:49:20.996" level="INFO">Clicking element 'xpath=(//button)[4]'.</msg>
<status status="PASS" starttime="20231106 19:49:20.996" endtime="20231106 19:49:21.080"/>
</kw>
<kw name="Sleep" library="BuiltIn">
<arg>1</arg>
<doc>Pauses the test executed for the given time.</doc>
<msg timestamp="20231106 19:49:22.080" level="INFO">Slept 1 second</msg>
<status status="PASS" starttime="20231106 19:49:21.080" endtime="20231106 19:49:22.080"/>
</kw>
<kw name="Click Element" library="SeleniumLibrary">
<arg>${ROTATE_BUTTON}</arg>
<doc>Click the element identified by ``locator``.</doc>
<msg timestamp="20231106 19:49:22.080" level="INFO">Clicking element 'xpath=(//button[@class='rotate-button button-with-image small'])[1]'.</msg>
<status status="PASS" starttime="20231106 19:49:22.080" endtime="20231106 19:49:22.148"/>
</kw>
<kw name="Sleep" library="BuiltIn">
<arg>1</arg>
<doc>Pauses the test executed for the given time.</doc>
<msg timestamp="20231106 19:49:23.148" level="INFO">Slept 1 second</msg>
<status status="PASS" starttime="20231106 19:49:22.148" endtime="20231106 19:49:23.148"/>
</kw>
<kw name="Click Element" library="SeleniumLibrary">
<arg>${APPLY_BUTTON}</arg>
<doc>Click the element identified by ``locator``.</doc>
<msg timestamp="20231106 19:49:23.148" level="INFO">Clicking element 'xpath=//span[text()='Apply']'.</msg>
<status status="PASS" starttime="20231106 19:49:23.148" endtime="20231106 19:49:23.216"/>
</kw>
<kw name="Sleep" library="BuiltIn">
<arg>1</arg>
<doc>Pauses the test executed for the given time.</doc>
<msg timestamp="20231106 19:49:24.217" level="INFO">Slept 1 second</msg>
<status status="PASS" starttime="20231106 19:49:23.216" endtime="20231106 19:49:24.217"/>
</kw>
<status status="PASS" starttime="20231106 19:49:20.996" endtime="20231106 19:49:24.217"/>
</kw>
<kw name="Sleep" library="BuiltIn">
<arg>10</arg>
<doc>Pauses the test executed for the given time.</doc>
<msg timestamp="20231106 19:49:34.217" level="INFO">Slept 10 seconds</msg>
<status status="PASS" starttime="20231106 19:49:24.217" endtime="20231106 19:49:34.217"/>
</kw>
<kw name="Save Img To File">
<arg>fileafter.png</arg>
<kw name="Log To Console" library="BuiltIn">
<arg>${OUTPUTDIR}\\images\\${filename}</arg>
<doc>Logs the given message to the console.</doc>
<status status="PASS" starttime="20231106 19:49:34.219" endtime="20231106 19:49:34.219"/>
</kw>
<kw name="Capture Element Screenshot" library="SeleniumLibrary">
<arg>${IMG}</arg>
<arg>${OUTPUTDIR}\\images\\${filename}</arg>
<doc>Captures a screenshot from the element identified by ``locator`` and embeds it into log file.</doc>
<msg timestamp="20231106 19:49:34.593" level="INFO" html="true">&lt;/td&gt;&lt;/tr&gt;&lt;tr&gt;&lt;td colspan="3"&gt;&lt;a href="images/fileafter.png"&gt;&lt;img src="images/fileafter.png" width="400px"&gt;&lt;/a&gt;</msg>
<status status="PASS" starttime="20231106 19:49:34.219" endtime="20231106 19:49:34.593"/>
</kw>
<status status="PASS" starttime="20231106 19:49:34.219" endtime="20231106 19:49:34.593"/>
</kw>
<kw name="Log To Console" library="BuiltIn">
<arg>Ali</arg>
<doc>Logs the given message to the console.</doc>
<status status="PASS" starttime="20231106 19:49:34.593" endtime="20231106 19:49:34.593"/>
</kw>
<kw name="Log To Console" library="BuiltIn">
<arg>E:\\KODLAMA_ILE_ILGILI\\Python\\RobotFrameWork\\robot framework image comperasion\\proj1</arg>
<doc>Logs the given message to the console.</doc>
<status status="PASS" starttime="20231106 19:49:34.593" endtime="20231106 19:49:34.593"/>
</kw>
<kw name="Compare Images By finding Edge" library="Test1">
<var>${deger1}</var>
<arg>${OUTPUTDIR}\\images\\filebefore.png</arg>
<arg>${OUTPUTDIR}\\images\\fileafter.png</arg>
<msg timestamp="20231106 19:49:34.985" level="INFO">${deger1} = 55.40646331968635</msg>
<status status="PASS" starttime="20231106 19:49:34.593" endtime="20231106 19:49:34.985"/>
</kw>
<kw name="Log To Console" library="BuiltIn">
<arg>${deger1}</arg>
<doc>Logs the given message to the console.</doc>
<status status="PASS" starttime="20231106 19:49:34.985" endtime="20231106 19:49:34.985"/>
</kw>
<kw name="Close Browser" library="SeleniumLibrary">
<doc>Closes the current browser.</doc>
<status status="PASS" starttime="20231106 19:49:34.985" endtime="20231106 19:49:37.201"/>
</kw>
<status status="PASS" starttime="20231106 19:49:05.323" endtime="20231106 19:49:37.201"/>
</test>
<status status="PASS" starttime="20231106 19:49:04.917" endtime="20231106 19:49:37.201"/>
</suite>
<status status="PASS" starttime="20231106 19:49:04.877" endtime="20231106 19:49:37.201"/>
</suite>
<statistics>
<total>
<stat pass="1" fail="0" skip="0">All Tests</stat>
</total>
<tag>
</tag>
<suite>
<stat pass="1" fail="0" skip="0" id="s1" name="Proj1">Proj1</stat>
<stat pass="1" fail="0" skip="0" id="s1-s1" name="Image Comperasion">Proj1.Image Comperasion</stat>
</suite>
</statistics>
<errors>
</errors>
</robot>
